[debug] [2025-08-19T20:51:13.377Z] ----------------------------------------------------------------------
[debug] [2025-08-19T20:51:13.379Z] Command:       C:\Program Files\nodejs\node.exe C:\Users\pcrtx\AppData\Roaming\npm\node_modules\firebase-tools\lib\bin\firebase.js hosting:channel:deploy preview
[debug] [2025-08-19T20:51:13.380Z] CLI Version:   14.12.1
[debug] [2025-08-19T20:51:13.380Z] Platform:      win32
[debug] [2025-08-19T20:51:13.380Z] Node Version:  v22.18.0
[debug] [2025-08-19T20:51:13.380Z] Time:          Tue Aug 19 2025 22:51:13 GMT+0200 (Central European Summer Time)
[debug] [2025-08-19T20:51:13.380Z] ----------------------------------------------------------------------
[debug] 
[debug] [2025-08-19T20:51:13.382Z] >>> [apiv2][query] GET https://firebase-public.firebaseio.com/cli.json [none]
[debug] [2025-08-19T20:51:13.539Z] > command requires scopes: ["email","openid","https://www.googleapis.com/auth/cloudplatformprojects.readonly","https://www.googleapis.com/auth/firebase","https://www.googleapis.com/auth/cloud-platform"]
[debug] [2025-08-19T20:51:13.539Z] > authorizing via signed-in user (hmahlawy99@gmail.com)
[debug] [2025-08-19T20:51:13.539Z] [iam] checking project sdk-akademie1 for permissions ["firebase.projects.get","firebasehosting.sites.update"]
[debug] [2025-08-19T20:51:13.540Z] Checked if tokens are valid: false, expires at: 1726255790643
[debug] [2025-08-19T20:51:13.540Z] Checked if tokens are valid: false, expires at: 1726255790643
[debug] [2025-08-19T20:51:13.540Z] > refreshing access token with scopes: []
[debug] [2025-08-19T20:51:13.541Z] >>> [apiv2][query] POST https://www.googleapis.com/oauth2/v3/token [none]
[debug] [2025-08-19T20:51:13.541Z] >>> [apiv2][body] POST https://www.googleapis.com/oauth2/v3/token [omitted]
[debug] [2025-08-19T20:51:13.676Z] <<< [apiv2][status] POST https://www.googleapis.com/oauth2/v3/token 400
[debug] [2025-08-19T20:51:13.676Z] <<< [apiv2][body] POST https://www.googleapis.com/oauth2/v3/token [omitted]
[debug] [2025-08-19T20:51:13.677Z] >>> [apiv2][query] POST https://cloudresourcemanager.googleapis.com/v1/projects/sdk-akademie1:testIamPermissions [none]
[debug] [2025-08-19T20:51:13.677Z] >>> [apiv2][(partial)header] POST https://cloudresourcemanager.googleapis.com/v1/projects/sdk-akademie1:testIamPermissions x-goog-quota-user=projects/sdk-akademie1
[debug] [2025-08-19T20:51:13.677Z] >>> [apiv2][body] POST https://cloudresourcemanager.googleapis.com/v1/projects/sdk-akademie1:testIamPermissions {"permissions":["firebase.projects.get","firebasehosting.sites.update"]}
[debug] [2025-08-19T20:51:13.882Z] <<< [apiv2][status] GET https://firebase-public.firebaseio.com/cli.json 200
[debug] [2025-08-19T20:51:13.882Z] <<< [apiv2][body] GET https://firebase-public.firebaseio.com/cli.json {"cloudBuildErrorAfter":1594252800000,"cloudBuildWarnAfter":1590019200000,"defaultNode10After":1594252800000,"minVersion":"3.0.5","node8DeploysDisabledAfter":1613390400000,"node8RuntimeDisabledAfter":1615809600000,"node8WarnAfter":1600128000000}
[debug] [2025-08-19T20:51:13.889Z] <<< [apiv2][status] POST https://cloudresourcemanager.googleapis.com/v1/projects/sdk-akademie1:testIamPermissions 401
[debug] [2025-08-19T20:51:13.889Z] <<< [apiv2][body] POST https://cloudresourcemanager.googleapis.com/v1/projects/sdk-akademie1:testIamPermissions {"error":{"code":401,"message":"Request had invalid authentication credentials. Expected OAuth 2 access token, login cookie or other valid authentication credential. See https://developers.google.com/identity/sign-in/web/devconsole-project.","status":"UNAUTHENTICATED","details":[{"@type":"type.googleapis.com/google.rpc.ErrorInfo","reason":"ACCESS_TOKEN_TYPE_UNSUPPORTED","metadata":{"service":"cloudresourcemanager.googleapis.com","method":"google.cloudresourcemanager.v1.Projects.TestIamPermissions"}}]}}
[debug] [2025-08-19T20:51:13.889Z] Got a 401 Unauthenticated error for a call that required authentication. Refreshing tokens.
[debug] [2025-08-19T20:51:13.889Z] Checked if tokens are valid: false, expires at: 1726255790643
[debug] [2025-08-19T20:51:13.889Z] Checked if tokens are valid: false, expires at: 1726255790643
[debug] [2025-08-19T20:51:13.889Z] > refreshing access token with scopes: []
[debug] [2025-08-19T20:51:13.889Z] >>> [apiv2][query] POST https://www.googleapis.com/oauth2/v3/token [none]
[debug] [2025-08-19T20:51:13.889Z] >>> [apiv2][body] POST https://www.googleapis.com/oauth2/v3/token [omitted]
[debug] [2025-08-19T20:51:13.934Z] <<< [apiv2][status] POST https://www.googleapis.com/oauth2/v3/token 400
[debug] [2025-08-19T20:51:13.934Z] <<< [apiv2][body] POST https://www.googleapis.com/oauth2/v3/token [omitted]
[debug] [2025-08-19T20:51:13.934Z] [iam] error while checking permissions, command may fail: Request to https://cloudresourcemanager.googleapis.com/v1/projects/sdk-akademie1:testIamPermissions had HTTP Error: 401, Request had invalid authentication credentials. Expected OAuth 2 access token, login cookie or other valid authentication credential. See https://developers.google.com/identity/sign-in/web/devconsole-project.
[debug] [2025-08-19T20:51:13.935Z] Checked if tokens are valid: false, expires at: 1726255790643
[debug] [2025-08-19T20:51:13.935Z] Checked if tokens are valid: false, expires at: 1726255790643
[debug] [2025-08-19T20:51:13.935Z] > refreshing access token with scopes: []
[debug] [2025-08-19T20:51:13.935Z] >>> [apiv2][query] POST https://www.googleapis.com/oauth2/v3/token [none]
[debug] [2025-08-19T20:51:13.935Z] >>> [apiv2][body] POST https://www.googleapis.com/oauth2/v3/token [omitted]
[debug] [2025-08-19T20:51:13.977Z] <<< [apiv2][status] POST https://www.googleapis.com/oauth2/v3/token 400
[debug] [2025-08-19T20:51:13.977Z] <<< [apiv2][body] POST https://www.googleapis.com/oauth2/v3/token [omitted]
[debug] [2025-08-19T20:51:13.977Z] >>> [apiv2][query] GET https://firebase.googleapis.com/v1beta1/projects/sdk-akademie1 [none]
[debug] [2025-08-19T20:51:14.113Z] <<< [apiv2][status] GET https://firebase.googleapis.com/v1beta1/projects/sdk-akademie1 401
[debug] [2025-08-19T20:51:14.113Z] <<< [apiv2][body] GET https://firebase.googleapis.com/v1beta1/projects/sdk-akademie1 {"error":{"code":401,"message":"Request had invalid authentication credentials. Expected OAuth 2 access token, login cookie or other valid authentication credential. See https://developers.google.com/identity/sign-in/web/devconsole-project.","status":"UNAUTHENTICATED"}}
[debug] [2025-08-19T20:51:14.113Z] Got a 401 Unauthenticated error for a call that required authentication. Refreshing tokens.
[debug] [2025-08-19T20:51:14.113Z] Checked if tokens are valid: false, expires at: 1726255790643
[debug] [2025-08-19T20:51:14.113Z] Checked if tokens are valid: false, expires at: 1726255790643
[debug] [2025-08-19T20:51:14.113Z] > refreshing access token with scopes: []
[debug] [2025-08-19T20:51:14.113Z] >>> [apiv2][query] POST https://www.googleapis.com/oauth2/v3/token [none]
[debug] [2025-08-19T20:51:14.113Z] >>> [apiv2][body] POST https://www.googleapis.com/oauth2/v3/token [omitted]
[debug] [2025-08-19T20:51:14.156Z] <<< [apiv2][status] POST https://www.googleapis.com/oauth2/v3/token 400
[debug] [2025-08-19T20:51:14.156Z] <<< [apiv2][body] POST https://www.googleapis.com/oauth2/v3/token [omitted]
[debug] [2025-08-19T20:51:14.157Z] Request to https://firebase.googleapis.com/v1beta1/projects/sdk-akademie1 had HTTP Error: 401, Request had invalid authentication credentials. Expected OAuth 2 access token, login cookie or other valid authentication credential. See https://developers.google.com/identity/sign-in/web/devconsole-project.
[debug] [2025-08-19T20:51:14.247Z] FirebaseError: Request to https://firebase.googleapis.com/v1beta1/projects/sdk-akademie1 had HTTP Error: 401, Request had invalid authentication credentials. Expected OAuth 2 access token, login cookie or other valid authentication credential. See https://developers.google.com/identity/sign-in/web/devconsole-project.
    at responseToError (C:\Users\pcrtx\AppData\Roaming\npm\node_modules\firebase-tools\lib\responseToError.js:52:12)
    at RetryOperation._fn (C:\Users\pcrtx\AppData\Roaming\npm\node_modules\firebase-tools\lib\apiv2.js:312:77)
    at process.processTicksAndRejections (node:internal/process/task_queues:105:5)
[error] 
[error] Error: Failed to get Firebase project sdk-akademie1. Please make sure the project exists and your account has permission to access it.
